{"/Users/joshrymer/workspaces/saveSomeTime/src/index.tsx": {"path":"/Users/joshrymer/workspaces/saveSomeTime/src/index.tsx","statementMap":{"0":{"start":{"line":1,"column":0},"end":{"line":1,"column":26}},"1":{"start":{"line":2,"column":0},"end":{"line":2,"column":48}},"2":{"start":{"line":3,"column":0},"end":{"line":3,"column":39}},"3":{"start":{"line":5,"column":0},"end":{"line":5,"column":65}},"4":{"start":{"line":6,"column":0},"end":{"line":6,"column":32}},"5":{"start":{"line":7,"column":0},"end":{"line":7,"column":33}},"6":{"start":{"line":9,"column":0},"end":{"line":9,"column":null}},"7":{"start":{"line":9,"column":25},"end":{"line":9,"column":30}},"8":{"start":{"line":10,"column":9},"end":{"line":18,"column":null}},"9":{"start":{"line":11,"column":4},"end":{"line":17,"column":6}},"10":{"start":{"line":19,"column":0},"end":{"line":19,"column":null}},"11":{"start":{"line":9,"column":13},"end":{"line":9,"column":16}},"12":{"start":{"line":21,"column":15},"end":{"line":28,"column":2}}},"fnMap":{"0":{"name":"(anonymous_7)","decl":{"start":{"line":9,"column":0},"end":{"line":9,"column":13}},"loc":{"start":{"line":9,"column":0},"end":{"line":19,"column":null}}},"1":{"name":"(anonymous_9)","decl":{"start":{"line":10,"column":2},"end":{"line":10,"column":9}},"loc":{"start":{"line":10,"column":2},"end":{"line":18,"column":3}}}},"branchMap":{},"s":{"0":1,"1":1,"2":1,"3":1,"4":1,"5":1,"6":1,"7":1,"8":1,"9":1,"10":1,"11":1,"12":1},"f":{"0":2,"1":1},"b":{}}
,"/Users/joshrymer/workspaces/saveSomeTime/src/components/AppButton.tsx": {"path":"/Users/joshrymer/workspaces/saveSomeTime/src/components/AppButton.tsx","statementMap":{"0":{"start":{"line":1,"column":0},"end":{"line":1,"column":26}},"1":{"start":{"line":2,"column":0},"end":{"line":2,"column":76}},"2":{"start":{"line":13,"column":21},"end":{"line":16,"column":2}},"3":{"start":{"line":15,"column":17},"end":{"line":15,"column":null}},"4":{"start":{"line":18,"column":0},"end":{"line":18,"column":53}},"5":{"start":{"line":18,"column":31},"end":{"line":18,"column":36}},"6":{"start":{"line":22,"column":4},"end":{"line":22,"column":null}},"7":{"start":{"line":25,"column":9},"end":{"line":31,"column":null}},"8":{"start":{"line":26,"column":4},"end":{"line":30,"column":6}},"9":{"start":{"line":19,"column":17},"end":{"line":19,"column":45}},"10":{"start":{"line":32,"column":0},"end":{"line":32,"column":null}},"11":{"start":{"line":18,"column":13},"end":{"line":18,"column":22}}},"fnMap":{"0":{"name":"(anonymous_7)","decl":{"start":{"line":15,"column":11},"end":{"line":15,"column":17}},"loc":{"start":{"line":15,"column":11},"end":{"line":15,"column":21}}},"1":{"name":"(anonymous_8)","decl":{"start":{"line":18,"column":0},"end":{"line":18,"column":13}},"loc":{"start":{"line":18,"column":0},"end":{"line":18,"column":13}}},"2":{"name":"AppButton","decl":{"start":{"line":21,"column":2},"end":{"line":21,"column":14}},"loc":{"start":{"line":21,"column":26},"end":{"line":23,"column":3}}},"3":{"name":"(anonymous_10)","decl":{"start":{"line":25,"column":2},"end":{"line":25,"column":9}},"loc":{"start":{"line":25,"column":2},"end":{"line":31,"column":3}}}},"branchMap":{"0":{"loc":{"start":{"line":22,"column":4},"end":{"line":22,"column":16}},"type":"binary-expr","locations":[{"start":{"line":22,"column":4},"end":{"line":22,"column":16}},{"start":{"line":22,"column":16},"end":{"line":22,"column":null}}]}},"s":{"0":2,"1":2,"2":2,"3":0,"4":2,"5":2,"6":4,"7":2,"8":4,"9":2,"10":2,"11":2},"f":{"0":0,"1":2,"2":4,"3":4},"b":{"0":[4,4]}}
,"/Users/joshrymer/workspaces/saveSomeTime/src/components/StopWatchButtonContainer.tsx": {"path":"/Users/joshrymer/workspaces/saveSomeTime/src/components/StopWatchButtonContainer.tsx","statementMap":{"0":{"start":{"line":1,"column":0},"end":{"line":1,"column":26}},"1":{"start":{"line":2,"column":0},"end":{"line":2,"column":54}},"2":{"start":{"line":3,"column":0},"end":{"line":3,"column":38}},"3":{"start":{"line":6,"column":0},"end":{"line":6,"column":77}},"4":{"start":{"line":7,"column":0},"end":{"line":7,"column":48}},"5":{"start":{"line":8,"column":0},"end":{"line":8,"column":40}},"6":{"start":{"line":21,"column":0},"end":{"line":21,"column":null}},"7":{"start":{"line":21,"column":45},"end":{"line":21,"column":50}},"8":{"start":{"line":26,"column":4},"end":{"line":26,"column":null}},"9":{"start":{"line":23,"column":10},"end":{"line":23,"column":23}},"10":{"start":{"line":54,"column":10},"end":{"line":57,"column":null}},"11":{"start":{"line":55,"column":23},"end":{"line":55,"column":66}},"12":{"start":{"line":56,"column":4},"end":{"line":56,"column":117}},"13":{"start":{"line":56,"column":71},"end":{"line":56,"column":116}},"14":{"start":{"line":59,"column":10},"end":{"line":76,"column":null}},"15":{"start":{"line":60,"column":10},"end":{"line":60,"column":19}},"16":{"start":{"line":62,"column":4},"end":{"line":64,"column":null}},"17":{"start":{"line":63,"column":6},"end":{"line":63,"column":39}},"18":{"start":{"line":66,"column":4},"end":{"line":71,"column":10}},"19":{"start":{"line":66,"column":71},"end":{"line":71,"column":9}},"20":{"start":{"line":73,"column":4},"end":{"line":75,"column":10}},"21":{"start":{"line":74,"column":12},"end":{"line":74,"column":null}},"22":{"start":{"line":78,"column":10},"end":{"line":85,"column":null}},"23":{"start":{"line":79,"column":4},"end":{"line":83,"column":10}},"24":{"start":{"line":79,"column":71},"end":{"line":83,"column":9}},"25":{"start":{"line":84,"column":4},"end":{"line":84,"column":33}},"26":{"start":{"line":87,"column":10},"end":{"line":92,"column":null}},"27":{"start":{"line":88,"column":4},"end":{"line":90,"column":7}},"28":{"start":{"line":88,"column":71},"end":{"line":90,"column":6}},"29":{"start":{"line":91,"column":4},"end":{"line":91,"column":33}},"30":{"start":{"line":94,"column":10},"end":{"line":106,"column":null}},"31":{"start":{"line":95,"column":18},"end":{"line":95,"column":37}},"32":{"start":{"line":96,"column":18},"end":{"line":96,"column":32}},"33":{"start":{"line":97,"column":4},"end":{"line":97,"column":29}},"34":{"start":{"line":98,"column":20},"end":{"line":98,"column":32}},"35":{"start":{"line":99,"column":4},"end":{"line":99,"column":27}},"36":{"start":{"line":101,"column":26},"end":{"line":101,"column":54}},"37":{"start":{"line":102,"column":26},"end":{"line":102,"column":54}},"38":{"start":{"line":103,"column":24},"end":{"line":103,"column":50}},"39":{"start":{"line":104,"column":26},"end":{"line":104,"column":73}},"40":{"start":{"line":105,"column":4},"end":{"line":105,"column":22}},"41":{"start":{"line":108,"column":10},"end":{"line":114,"column":null}},"42":{"start":{"line":109,"column":17},"end":{"line":109,"column":34}},"43":{"start":{"line":111,"column":4},"end":{"line":113,"column":24}},"44":{"start":{"line":116,"column":10},"end":{"line":118,"column":null}},"45":{"start":{"line":117,"column":4},"end":{"line":117,"column":57}},"46":{"start":{"line":120,"column":10},"end":{"line":134,"column":null}},"47":{"start":{"line":121,"column":4},"end":{"line":133,"column":21}},"48":{"start":{"line":136,"column":10},"end":{"line":140,"column":null}},"49":{"start":{"line":137,"column":4},"end":{"line":139,"column":135}},"50":{"start":{"line":28,"column":4},"end":{"line":32,"column":6}},"51":{"start":{"line":35,"column":9},"end":{"line":37,"column":null}},"52":{"start":{"line":36,"column":4},"end":{"line":36,"column":33}},"53":{"start":{"line":39,"column":9},"end":{"line":52,"column":null}},"54":{"start":{"line":40,"column":4},"end":{"line":51,"column":6}},"55":{"start":{"line":141,"column":0},"end":{"line":141,"column":null}},"56":{"start":{"line":143,"column":15},"end":{"line":189,"column":2}},"57":{"start":{"line":191,"column":24},"end":{"line":194,"column":1}},"58":{"start":{"line":192,"column":10},"end":{"line":192,"column":24}},"59":{"start":{"line":193,"column":2},"end":{"line":193,"column":28}},"60":{"start":{"line":196,"column":27},"end":{"line":196,"column":47}},"61":{"start":{"line":198,"column":0},"end":{"line":198,"column":92}}},"fnMap":{"0":{"name":"(anonymous_9)","decl":{"start":{"line":21,"column":0},"end":{"line":21,"column":45}},"loc":{"start":{"line":21,"column":0},"end":{"line":141,"column":null}}},"1":{"name":"StopWatchtimerButtonsContainer","decl":{"start":{"line":25,"column":2},"end":{"line":25,"column":14}},"loc":{"start":{"line":25,"column":57},"end":{"line":33,"column":3}}},"2":{"name":"(anonymous_11)","decl":{"start":{"line":54,"column":17},"end":{"line":54,"column":null}},"loc":{"start":{"line":54,"column":17},"end":{"line":57,"column":3}}},"3":{"name":"(anonymous_12)","decl":{"start":{"line":56,"column":18},"end":{"line":56,"column":19}},"loc":{"start":{"line":56,"column":66},"end":{"line":56,"column":77}}},"4":{"name":"(anonymous_13)","decl":{"start":{"line":59,"column":27},"end":{"line":59,"column":null}},"loc":{"start":{"line":59,"column":27},"end":{"line":76,"column":3}}},"5":{"name":"(anonymous_14)","decl":{"start":{"line":66,"column":18},"end":{"line":66,"column":19}},"loc":{"start":{"line":66,"column":66},"end":{"line":66,"column":null}}},"6":{"name":"(anonymous_15)","decl":{"start":{"line":74,"column":6},"end":{"line":74,"column":12}},"loc":{"start":{"line":74,"column":6},"end":{"line":74,"column":16}}},"7":{"name":"(anonymous_16)","decl":{"start":{"line":78,"column":26},"end":{"line":78,"column":null}},"loc":{"start":{"line":78,"column":26},"end":{"line":85,"column":3}}},"8":{"name":"(anonymous_17)","decl":{"start":{"line":79,"column":18},"end":{"line":79,"column":19}},"loc":{"start":{"line":79,"column":66},"end":{"line":79,"column":null}}},"9":{"name":"(anonymous_18)","decl":{"start":{"line":87,"column":27},"end":{"line":87,"column":null}},"loc":{"start":{"line":87,"column":27},"end":{"line":92,"column":3}}},"10":{"name":"(anonymous_19)","decl":{"start":{"line":88,"column":18},"end":{"line":88,"column":19}},"loc":{"start":{"line":88,"column":66},"end":{"line":88,"column":null}}},"11":{"name":"(anonymous_20)","decl":{"start":{"line":94,"column":28},"end":{"line":94,"column":29}},"loc":{"start":{"line":94,"column":49},"end":{"line":106,"column":3}}},"12":{"name":"(anonymous_21)","decl":{"start":{"line":108,"column":27},"end":{"line":108,"column":28}},"loc":{"start":{"line":108,"column":41},"end":{"line":114,"column":3}}},"13":{"name":"(anonymous_22)","decl":{"start":{"line":116,"column":17},"end":{"line":116,"column":null}},"loc":{"start":{"line":116,"column":17},"end":{"line":118,"column":3}}},"14":{"name":"(anonymous_23)","decl":{"start":{"line":120,"column":26},"end":{"line":120,"column":null}},"loc":{"start":{"line":120,"column":26},"end":{"line":134,"column":3}}},"15":{"name":"(anonymous_24)","decl":{"start":{"line":136,"column":31},"end":{"line":136,"column":null}},"loc":{"start":{"line":136,"column":31},"end":{"line":140,"column":3}}},"16":{"name":"(anonymous_25)","decl":{"start":{"line":35,"column":2},"end":{"line":35,"column":9}},"loc":{"start":{"line":35,"column":2},"end":{"line":37,"column":3}}},"17":{"name":"(anonymous_26)","decl":{"start":{"line":39,"column":2},"end":{"line":39,"column":9}},"loc":{"start":{"line":39,"column":2},"end":{"line":52,"column":3}}},"18":{"name":"(anonymous_27)","decl":{"start":{"line":191,"column":24},"end":{"line":191,"column":25}},"loc":{"start":{"line":191,"column":50},"end":{"line":194,"column":1}}}},"branchMap":{"0":{"loc":{"start":{"line":26,"column":4},"end":{"line":26,"column":16}},"type":"binary-expr","locations":[{"start":{"line":26,"column":4},"end":{"line":26,"column":16}},{"start":{"line":26,"column":16},"end":{"line":26,"column":null}}]},"1":{"loc":{"start":{"line":62,"column":4},"end":{"line":64,"column":null}},"type":"if","locations":[{"start":{"line":62,"column":4},"end":{"line":64,"column":null}},{"start":{"line":62,"column":4},"end":{"line":64,"column":null}}]},"2":{"loc":{"start":{"line":112,"column":8},"end":{"line":112,"column":18}},"type":"cond-expr","locations":[{"start":{"line":112,"column":8},"end":{"line":112,"column":18}},{"start":{"line":113,"column":8},"end":{"line":113,"column":23}}]},"3":{"loc":{"start":{"line":122,"column":8},"end":{"line":126,"column":null}},"type":"cond-expr","locations":[{"start":{"line":122,"column":8},"end":{"line":126,"column":null}},{"start":{"line":128,"column":8},"end":{"line":132,"column":null}}]},"4":{"loc":{"start":{"line":121,"column":12},"end":{"line":121,"column":42}},"type":"binary-expr","locations":[{"start":{"line":121,"column":12},"end":{"line":121,"column":42}},{"start":{"line":121,"column":46},"end":{"line":121,"column":73}}]},"5":{"loc":{"start":{"line":138,"column":8},"end":{"line":138,"column":137}},"type":"cond-expr","locations":[{"start":{"line":138,"column":8},"end":{"line":138,"column":137}},{"start":{"line":139,"column":8},"end":{"line":139,"column":134}}]}},"s":{"0":1,"1":1,"2":1,"3":1,"4":1,"5":1,"6":1,"7":1,"8":1,"9":1,"10":1,"11":0,"12":0,"13":0,"14":1,"15":0,"16":0,"17":0,"18":0,"19":0,"20":0,"21":0,"22":1,"23":0,"24":0,"25":0,"26":1,"27":0,"28":0,"29":0,"30":1,"31":1,"32":1,"33":1,"34":1,"35":1,"36":1,"37":1,"38":1,"39":1,"40":1,"41":1,"42":3,"43":3,"44":1,"45":0,"46":1,"47":1,"48":1,"49":1,"50":1,"51":1,"52":0,"53":1,"54":1,"55":1,"56":1,"57":1,"58":1,"59":1,"60":1,"61":1},"f":{"0":1,"1":1,"2":0,"3":0,"4":0,"5":0,"6":0,"7":0,"8":0,"9":0,"10":0,"11":1,"12":3,"13":0,"14":1,"15":1,"16":0,"17":1,"18":1},"b":{"0":[1,1],"1":[0,0],"2":[3,0],"3":[0,1],"4":[1,1],"5":[1,0]}}
,"/Users/joshrymer/workspaces/saveSomeTime/src/store/index.ts": {"path":"/Users/joshrymer/workspaces/saveSomeTime/src/store/index.ts","statementMap":{"0":{"start":{"line":1,"column":0},"end":{"line":1,"column":53}},"1":{"start":{"line":2,"column":0},"end":{"line":2,"column":63}},"2":{"start":{"line":4,"column":0},"end":{"line":4,"column":93}},"3":{"start":{"line":6,"column":20},"end":{"line":8,"column":2}},"4":{"start":{"line":10,"column":25},"end":{"line":12,"column":2}},"5":{"start":{"line":14,"column":13},"end":{"line":18,"column":2}}},"fnMap":{},"branchMap":{},"s":{"0":1,"1":1,"2":1,"3":1,"4":1,"5":1},"f":{},"b":{}}
,"/Users/joshrymer/workspaces/saveSomeTime/src/store/stopwatchState/stopwatch.actions.ts": {"path":"/Users/joshrymer/workspaces/saveSomeTime/src/store/stopwatchState/stopwatch.actions.ts","statementMap":{"0":{"start":{"line":1,"column":0},"end":{"line":1,"column":89}},"1":{"start":{"line":3,"column":13},"end":{"line":5,"column":3}},"2":{"start":{"line":3,"column":61},"end":{"line":5,"column":3}},"3":{"start":{"line":7,"column":13},"end":{"line":12,"column":2}},"4":{"start":{"line":8,"column":2},"end":{"line":11,"column":4}}},"fnMap":{"0":{"name":"(anonymous_0)","decl":{"start":{"line":3,"column":38},"end":{"line":3,"column":61}},"loc":{"start":{"line":3,"column":38},"end":{"line":3,"column":62}}},"1":{"name":"(anonymous_1)","decl":{"start":{"line":7,"column":32},"end":{"line":7,"column":33}},"loc":{"start":{"line":7,"column":45},"end":{"line":12,"column":1}}}},"branchMap":{},"s":{"0":1,"1":1,"2":0,"3":1,"4":0},"f":{"0":0,"1":0},"b":{}}
,"/Users/joshrymer/workspaces/saveSomeTime/src/store/stopwatchState/stopwatch.reducer.ts": {"path":"/Users/joshrymer/workspaces/saveSomeTime/src/store/stopwatchState/stopwatch.reducer.ts","statementMap":{"0":{"start":{"line":2,"column":0},"end":{"line":2,"column":52}},"1":{"start":{"line":4,"column":13},"end":{"line":7,"column":2}},"2":{"start":{"line":9,"column":13},"end":{"line":24,"column":2}},"3":{"start":{"line":9,"column":33},"end":{"line":9,"column":64}},"4":{"start":{"line":10,"column":2},"end":{"line":23,"column":null}},"5":{"start":{"line":12,"column":6},"end":{"line":14,"column":null}},"6":{"start":{"line":17,"column":6},"end":{"line":19,"column":null}},"7":{"start":{"line":22,"column":6},"end":{"line":22,"column":19}}},"fnMap":{"0":{"name":"(anonymous_3)","decl":{"start":{"line":9,"column":32},"end":{"line":9,"column":33}},"loc":{"start":{"line":9,"column":79},"end":{"line":24,"column":1}}}},"branchMap":{"0":{"loc":{"start":{"line":9,"column":33},"end":{"line":9,"column":64}},"type":"if","locations":[{"start":{"line":9,"column":33},"end":{"line":9,"column":64}},{"start":{"line":9,"column":33},"end":{"line":9,"column":64}}]},"1":{"loc":{"start":{"line":11,"column":4},"end":{"line":14,"column":null}},"type":"switch","locations":[{"start":{"line":11,"column":4},"end":{"line":14,"column":null}},{"start":{"line":16,"column":4},"end":{"line":19,"column":null}},{"start":{"line":21,"column":4},"end":{"line":22,"column":19}}]}},"s":{"0":1,"1":1,"2":1,"3":5,"4":3,"5":0,"6":0,"7":3},"f":{"0":3},"b":{"0":[2,1],"1":[0,0,3]}}
,"/Users/joshrymer/workspaces/saveSomeTime/src/store/stopwatchState/stopwatch.types.ts": {"path":"/Users/joshrymer/workspaces/saveSomeTime/src/store/stopwatchState/stopwatch.types.ts","statementMap":{"0":{"start":{"line":1,"column":13},"end":{"line":1,"column":63}},"1":{"start":{"line":2,"column":13},"end":{"line":2,"column":67}}},"fnMap":{},"branchMap":{},"s":{"0":2,"1":2},"f":{},"b":{}}
,"/Users/joshrymer/workspaces/saveSomeTime/src/styles/index.ts": {"path":"/Users/joshrymer/workspaces/saveSomeTime/src/styles/index.ts","statementMap":{"0":{"start":{"line":1,"column":0},"end":{"line":1,"column":25}},"1":{"start":{"line":2,"column":0},"end":{"line":2,"column":24}}},"fnMap":{},"branchMap":{},"s":{"0":3,"1":3},"f":{},"b":{}}
,"/Users/joshrymer/workspaces/saveSomeTime/src/styles/styles.ts": {"path":"/Users/joshrymer/workspaces/saveSomeTime/src/styles/styles.ts","statementMap":{"0":{"start":{"line":1,"column":0},"end":{"line":1,"column":42}},"1":{"start":{"line":3,"column":0},"end":{"line":3,"column":32}},"2":{"start":{"line":5,"column":13},"end":{"line":12,"column":3}},"3":{"start":{"line":14,"column":13},"end":{"line":21,"column":3}}},"fnMap":{},"branchMap":{},"s":{"0":3,"1":3,"2":3,"3":3},"f":{},"b":{}}
,"/Users/joshrymer/workspaces/saveSomeTime/src/styles/theme.ts": {"path":"/Users/joshrymer/workspaces/saveSomeTime/src/styles/theme.ts","statementMap":{"0":{"start":{"line":2,"column":13},"end":{"line":10,"column":2}}},"fnMap":{},"branchMap":{},"s":{"0":3},"f":{},"b":{}}
}
