TN:
SF:/Users/joshrymer/workspaces/saveSomeTime/src/index.tsx
FN:9,(anonymous_7)
FN:10,(anonymous_9)
FNF:2
FNH:2
FNDA:2,(anonymous_7)
FNDA:1,(anonymous_9)
DA:1,1
DA:2,1
DA:3,1
DA:5,1
DA:6,1
DA:7,1
DA:9,1
DA:10,1
DA:11,1
DA:19,1
DA:21,1
LF:11
LH:11
BRF:0
BRH:0
end_of_record
TN:
SF:/Users/joshrymer/workspaces/saveSomeTime/src/components/AppButton.tsx
FN:15,(anonymous_7)
FN:18,(anonymous_8)
FN:21,AppButton
FN:25,(anonymous_10)
FNF:4
FNH:3
FNDA:0,(anonymous_7)
FNDA:2,(anonymous_8)
FNDA:4,AppButton
FNDA:4,(anonymous_10)
DA:1,2
DA:2,2
DA:13,2
DA:15,0
DA:18,2
DA:19,2
DA:22,4
DA:25,2
DA:26,4
DA:32,2
LF:10
LH:9
BRDA:22,0,0,4
BRDA:22,0,1,4
BRF:2
BRH:2
end_of_record
TN:
SF:/Users/joshrymer/workspaces/saveSomeTime/src/components/StopWatchButtonContainer.tsx
FN:21,(anonymous_9)
FN:25,StopWatchtimerButtonsContainer
FN:54,(anonymous_11)
FN:56,(anonymous_12)
FN:59,(anonymous_13)
FN:66,(anonymous_14)
FN:74,(anonymous_15)
FN:78,(anonymous_16)
FN:79,(anonymous_17)
FN:87,(anonymous_18)
FN:88,(anonymous_19)
FN:94,(anonymous_20)
FN:108,(anonymous_21)
FN:116,(anonymous_22)
FN:120,(anonymous_23)
FN:136,(anonymous_24)
FN:35,(anonymous_25)
FN:39,(anonymous_26)
FN:191,(anonymous_27)
FNF:19
FNH:8
FNDA:1,(anonymous_9)
FNDA:1,StopWatchtimerButtonsContainer
FNDA:0,(anonymous_11)
FNDA:0,(anonymous_12)
FNDA:0,(anonymous_13)
FNDA:0,(anonymous_14)
FNDA:0,(anonymous_15)
FNDA:0,(anonymous_16)
FNDA:0,(anonymous_17)
FNDA:0,(anonymous_18)
FNDA:0,(anonymous_19)
FNDA:1,(anonymous_20)
FNDA:3,(anonymous_21)
FNDA:0,(anonymous_22)
FNDA:1,(anonymous_23)
FNDA:1,(anonymous_24)
FNDA:0,(anonymous_25)
FNDA:1,(anonymous_26)
FNDA:1,(anonymous_27)
DA:1,1
DA:2,1
DA:3,1
DA:6,1
DA:7,1
DA:8,1
DA:21,1
DA:23,1
DA:26,1
DA:28,1
DA:35,1
DA:36,0
DA:39,1
DA:40,1
DA:54,1
DA:55,0
DA:56,0
DA:59,1
DA:60,0
DA:62,0
DA:63,0
DA:66,0
DA:73,0
DA:74,0
DA:78,1
DA:79,0
DA:84,0
DA:87,1
DA:88,0
DA:91,0
DA:94,1
DA:95,1
DA:96,1
DA:97,1
DA:98,1
DA:99,1
DA:101,1
DA:102,1
DA:103,1
DA:104,1
DA:105,1
DA:108,1
DA:109,3
DA:111,3
DA:116,1
DA:117,0
DA:120,1
DA:121,1
DA:136,1
DA:137,1
DA:141,1
DA:143,1
DA:191,1
DA:192,1
DA:193,1
DA:196,1
DA:198,1
LF:57
LH:43
BRDA:26,0,0,1
BRDA:26,0,1,1
BRDA:62,1,0,0
BRDA:62,1,1,0
BRDA:112,2,0,3
BRDA:112,2,1,0
BRDA:122,3,0,0
BRDA:122,3,1,1
BRDA:121,4,0,1
BRDA:121,4,1,1
BRDA:138,5,0,1
BRDA:138,5,1,0
BRF:12
BRH:7
end_of_record
TN:
SF:/Users/joshrymer/workspaces/saveSomeTime/src/store/index.ts
FNF:0
FNH:0
DA:1,1
DA:2,1
DA:4,1
DA:6,1
DA:10,1
DA:14,1
LF:6
LH:6
BRF:0
BRH:0
end_of_record
TN:
SF:/Users/joshrymer/workspaces/saveSomeTime/src/store/stopwatchState/stopwatch.actions.ts
FN:3,(anonymous_0)
FN:7,(anonymous_1)
FNF:2
FNH:0
FNDA:0,(anonymous_0)
FNDA:0,(anonymous_1)
DA:1,1
DA:3,1
DA:7,1
DA:8,0
LF:4
LH:3
BRF:0
BRH:0
end_of_record
TN:
SF:/Users/joshrymer/workspaces/saveSomeTime/src/store/stopwatchState/stopwatch.reducer.ts
FN:9,(anonymous_3)
FNF:1
FNH:1
FNDA:3,(anonymous_3)
DA:2,1
DA:4,1
DA:9,5
DA:10,3
DA:12,0
DA:17,0
DA:22,3
LF:7
LH:5
BRDA:9,0,0,2
BRDA:9,0,1,1
BRDA:11,1,0,0
BRDA:11,1,1,0
BRDA:11,1,2,3
BRF:5
BRH:3
end_of_record
TN:
SF:/Users/joshrymer/workspaces/saveSomeTime/src/store/stopwatchState/stopwatch.types.ts
FNF:0
FNH:0
DA:1,2
DA:2,2
LF:2
LH:2
BRF:0
BRH:0
end_of_record
TN:
SF:/Users/joshrymer/workspaces/saveSomeTime/src/styles/index.ts
FNF:0
FNH:0
DA:1,3
DA:2,3
LF:2
LH:2
BRF:0
BRH:0
end_of_record
TN:
SF:/Users/joshrymer/workspaces/saveSomeTime/src/styles/styles.ts
FNF:0
FNH:0
DA:1,3
DA:3,3
DA:5,3
DA:14,3
LF:4
LH:4
BRF:0
BRH:0
end_of_record
TN:
SF:/Users/joshrymer/workspaces/saveSomeTime/src/styles/theme.ts
FNF:0
FNH:0
DA:2,3
LF:1
LH:1
BRF:0
BRH:0
end_of_record
